[2025-08-13 21:02:02] [INFO]: Login realizado com sucesso!
[2025-08-13 21:04:34] [INFO]: Login realizado com sucesso!
[2025-08-14 16:38:36] [INFO]: Login realizado com sucesso!
[2025-08-15 20:23:13] [INFO]: Login realizado com sucesso!
[2025-08-15 20:25:11] [INFO]: Contatos atualizados com sucesso: {"instagram":"rth","linkedin":"rthrth","area_cliente":"rth","email":"wesleicasali18@gmail.com","telefone":"(55) 46654-6544","wpp":"(56) 45656-4654"}
[2025-08-15 20:25:47] [INFO]: Contatos atualizados com sucesso: {"instagram":"Instagram URL","linkedin":"LinkedIn URL","area_cliente":"Link \u00c1rea cliente","email":"email@gmail.com","telefone":"(00) 00000-0000","wpp":"(99) 99999-9999"}
[2025-08-15 20:26:35] [INFO]: Endereço atualizado com sucesso: {"endereco":"Endere\u00e7o, 2020","bairro":"Centro","cidade":"Passo Fundo","estado":"RS","cep":"99042-404","pais":"Brasil","maps":"Iframe","link_maps":"Link"}
[2025-08-15 20:38:17] [INFO]: Título atualizado!
[2025-08-15 20:42:22] [INFO]: Título atualizado!
[2025-08-15 20:42:26] [INFO]: Título atualizado!
[2025-08-15 20:42:30] [INFO]: Título atualizado!
[2025-08-15 20:42:39] [INFO]: Banner atualizado!
[2025-08-16 04:02:26] [INFO]: Login realizado com sucesso!
[2025-08-16 04:30:06] [INFO]: Endereço atualizado com sucesso: {"endereco":"Endere\u00e7o, 2020","bairro":"Centro","cidade":"Passo Fundo","estado":"RS","cep":"99042-404","pais":"Brasil","maps":"https:\/\/www.google.com\/maps\/embed?pb=!1m18!1m12!1m3!1d14060.711008410883!2d-52.46610258360738!3d-28.232284055898045!2m3!1f0!2f0!3f0!3m2!1i1024!2i768!4f13.1!3m3!1m2!1s0x94e2c0c5868ceb39%3A0xfd5bec35c79b2f76!2sAv.%20Rio%20Grande%20-%20Passo%20Fundo%2C%20RS%2C%2099040-000!5e0!3m2!1spt-BR!2sbr!4v1755142818687!5m2!1spt-BR!2sbr","link_maps":"Link"}
[2025-08-16 16:39:50] [INFO]: E-mail enviado com sucesso para wesleicasali18@gmail.com!
[2025-08-16 16:41:22] [INFO]: E-mail enviado com sucesso para wesleicasali18@gmail.com!
[2025-08-16 16:43:25] [INFO]: E-mail enviado com sucesso para wesleicasali18@gmail.com!
[2025-08-16 16:45:23] [INFO]: E-mail enviado com sucesso para wesleicasali18@gmail.com!
[2025-08-16 16:46:10] [INFO]: E-mail enviado com sucesso para wesleicasali18@gmail.com!
[2025-08-16 16:47:41] [INFO]: E-mail enviado com sucesso para wesleicasali18@gmail.com!
[2025-08-16 16:49:08] [INFO]: E-mail enviado com sucesso para wesleicasali18@gmail.com!
[2025-08-16 16:50:03] [INFO]: E-mail enviado com sucesso para wesleicasali18@gmail.com!
[2025-08-16 16:50:54] [INFO]: E-mail enviado com sucesso para wesleicasali18@gmail.com!
[2025-08-16 16:55:51] [INFO]: Login realizado com sucesso!
[2025-08-16 16:59:06] [INFO]: Banner atualizado!
[2025-08-16 16:59:25] [INFO]: Título atualizado!
[2025-08-16 17:00:01] [INFO]: Banner atualizado!
[2025-08-16 17:00:11] [INFO]: Título atualizado!
[2025-08-16 17:04:44] [INFO]: Login realizado com sucesso!
[2025-08-16 17:07:22] [INFO]: Login realizado com sucesso!
